<?xml version="1.0" encoding="UTF-8"?>
<!-- Generated by org.testng.reporters.JUnitReportReporter -->
<testsuite skipped="0" hostname="pc-PC" name="TestScripts.TestScripts" tests="1" failures="0" timestamp="2020-06-24T00:34:15 IST" time="1.283" errors="0">
  <testcase name="TC_01_LaunchAmaszonAndValidateLogo" time="1.283" classname="TestScripts.TestScripts"/>
  <system-out/>
</testsuite> <!-- TestScripts.TestScripts -->
