<?xml version="1.0" encoding="UTF-8"?>
<!-- Generated by org.testng.reporters.JUnitReportReporter -->
<testsuite skipped="0" hostname="pc-PC" name="TestScripts.TestScripts" tests="1" failures="0" timestamp="2020-06-30T00:40:39 IST" time="1.003" errors="0">
  <testcase name="TC_01_LaunchAmazonAndValidateLogo" time="1.003" classname="TestScripts.TestScripts"/>
  <system-out/>
</testsuite> <!-- TestScripts.TestScripts -->
